=== 網站分頁自動更新開始 (2026-02-23 22:11:01) ===
檢查必要工具...
檢查Python依賴...
更新問劍長生攻略...
開始更新問劍長生遊戲攻略...
🔍 檢查遊戲更新...
正在更新問劍長生攻略: /home/openclaw/.openclaw/workspace/my-novel-website/game-guide.html
✅ 已更新highlight區域
✅ 問劍長生攻略更新完成！
   更新時間: 2026年02月23日
✅ 問劍長生攻略更新流程完成
更新聖鬥士星矢重生2攻略...
開始更新聖鬥士星矢：重生2攻略...
🔍 檢查聖鬥士星矢遊戲新聞...
正在更新聖鬥士星矢攻略: /home/openclaw/.openclaw/workspace/my-novel-website/saint-seiya-guide.html
✅ 已更新時間戳: <div class="update-time">最後更新：\d{4} 年 \d{1,2} 月 \d...
🔍 檢查遊戲版本資訊...
✅ 已添加今日更新提示
✅ 聖鬥士星矢攻略更新完成！
   更新時間: 2026年02月23日
✅ 聖鬥士星矢攻略更新流程完成
更新Be A Pro Football攻略...
開始更新Be A Pro Football攻略...
🔍 檢查Be A Pro Football遊戲新聞...
正在更新Be A Pro Football攻略: /home/openclaw/.openclaw/workspace/my-novel-website/beapro-football-guide.html
✅ 已更新時間戳
🔍 檢查遊戲版本...
✅ 已更新Debate Mode日期
✅ 已添加今日專家分析提示
🔍 檢查轉會市場更新...
✅ 已添加今日戰術小貼士
✅ Be A Pro Football攻略更新完成！
   更新時間: 2026年02月23日
✅ Be A Pro Football攻略更新流程完成
更新AI資訊...
開始更新AI資訊頁面...
🔍 獲取最新AI新聞...
✅ 獲取到 3 條AI新聞
正在更新AI資訊頁面: /home/openclaw/.openclaw/workspace/my-novel-website/ai-news.html
✅ 已更新時間戳
✅ 已更新highlight區域
✅ 已更新新聞標題日期
✅ 已更新 3 條新聞內容
✅ AI資訊頁面更新完成！
   更新時間: 2026年02月23日
   新增新聞: 3 條
✅ AI資訊頁面更新流程完成
✅ 問劍長生攻略更新成功
✅ 聖鬥士星矢攻略更新成功
✅ Be A Pro Football攻略更新成功
✅ AI資訊更新成功
提交更新到GitHub...
[main abc2f1b] 更新網站分頁內容 (2026年02月23日)
 4 files changed, 31 insertions(+), 4 deletions(-)
To https://github.com/jyonline0604/my-novel-website.git
   3bf5b75..abc2f1b  main -> main
=== 網站分頁自動更新結束 (2026-02-23 22:11:03) ===
成功: 4, 失敗: 0
📊 網站分頁更新報告 (2026-02-23 22:11:03)
✅ 成功更新: 4 個頁面
❌ 失敗更新: 0 個頁面
開始更新問劍長生遊戲攻略...
🔍 檢查遊戲更新...
正在更新問劍長生攻略: /home/openclaw/.openclaw/workspace/my-novel-website/game-guide.html
✅ 已更新highlight區域
✅ 問劍長生攻略更新完成！
   更新時間: 2026年02月26日
✅ 問劍長生攻略更新流程完成
開始更新聖鬥士星矢：重生2攻略...
🔍 檢查聖鬥士星矢遊戲新聞...
正在更新聖鬥士星矢攻略: /home/openclaw/.openclaw/workspace/my-novel-website/saint-seiya-guide.html
🔍 檢查遊戲版本資訊...
✅ 已添加今日更新提示
✅ 聖鬥士星矢攻略更新完成！
   更新時間: 2026年02月26日
✅ 聖鬥士星矢攻略更新流程完成
開始更新Be A Pro Football攻略...
🔍 檢查Be A Pro Football遊戲新聞...
正在更新Be A Pro Football攻略: /home/openclaw/.openclaw/workspace/my-novel-website/beapro-football-guide.html
✅ 已更新時間戳
🔍 檢查遊戲版本...
✅ 已更新Debate Mode日期
🔍 檢查轉會市場更新...
✅ Be A Pro Football攻略更新完成！
   更新時間: 2026年02月26日
✅ Be A Pro Football攻略更新流程完成
開始更新AI資訊頁面...
🔍 獲取最新AI新聞...
✅ 獲取到 3 條AI新聞
正在更新AI資訊頁面: /home/openclaw/.openclaw/workspace/my-novel-website/ai-news.html
✅ 已更新時間戳
✅ 已更新highlight區域
✅ 已更新新聞標題日期
✅ 已更新 3 條新聞內容
✅ AI資訊頁面更新完成！
   更新時間: 2026年02月26日
   新增新聞: 3 條
✅ AI資訊頁面更新流程完成
